2022-10-10 19:56:22,881 INFO [main] c.n.c.LoggerTests [StartupInfoLogger.java:50] Starting LoggerTests on DESKTOP-49S0ICD with PID 15724 (started by AirSage in E:\cwc\myjcode\community\community)
2022-10-10 19:56:22,882 INFO [main] c.n.c.LoggerTests [SpringApplication.java:675] No active profile set, falling back to default profiles: default
2022-10-10 19:56:24,692 INFO [main] o.s.s.c.ThreadPoolTaskExecutor [ExecutorConfigurationSupport.java:171] Initializing ExecutorService 'applicationTaskExecutor'
2022-10-10 19:56:24,867 INFO [main] o.s.b.a.w.s.WelcomePageHandlerMapping [WelcomePageHandlerMapping.java:61] Adding welcome page template: index
2022-10-10 19:56:25,061 INFO [main] c.n.c.LoggerTests [StartupInfoLogger.java:59] Started LoggerTests in 2.578 seconds (JVM running for 3.311)
2022-10-10 19:56:25,249 INFO [main] c.n.c.LoggerTests [LoggerTests.java:26] info log
2022-10-10 19:56:25,256 INFO [Thread-3] o.s.s.c.ThreadPoolTaskExecutor [ExecutorConfigurationSupport.java:208] Shutting down ExecutorService 'applicationTaskExecutor'
2022-10-10 20:04:50,425 INFO [restartedMain] c.n.c.CommunityApplication [StartupInfoLogger.java:50] Starting CommunityApplication on DESKTOP-49S0ICD with PID 14236 (E:\cwc\myjcode\community\community\target\classes started by AirSage in E:\cwc\myjcode\community\community)
2022-10-10 20:04:50,427 INFO [restartedMain] c.n.c.CommunityApplication [SpringApplication.java:675] No active profile set, falling back to default profiles: default
2022-10-10 20:04:50,455 INFO [restartedMain] o.s.b.d.e.DevToolsPropertyDefaultsPostProcessor [DeferredLog.java:227] Devtools property defaults active! Set 'spring.devtools.add-properties' to 'false' to disable
2022-10-10 20:04:50,455 INFO [restartedMain] o.s.b.d.e.DevToolsPropertyDefaultsPostProcessor [DeferredLog.java:227] For additional web related logging consider setting the 'logging.level.web' property to 'DEBUG'
2022-10-10 20:04:51,434 INFO [restartedMain] o.s.b.w.e.t.TomcatWebServer [TomcatWebServer.java:90] Tomcat initialized with port(s): 8080 (http)
2022-10-10 20:04:51,447 INFO [restartedMain] o.a.c.h.Http11NioProtocol [DirectJDKLog.java:173] Initializing ProtocolHandler ["http-nio-8080"]
2022-10-10 20:04:51,455 INFO [restartedMain] o.a.c.c.StandardService [DirectJDKLog.java:173] Starting service [Tomcat]
2022-10-10 20:04:51,455 INFO [restartedMain] o.a.c.c.StandardEngine [DirectJDKLog.java:173] Starting Servlet engine: [Apache Tomcat/9.0.19]
2022-10-10 20:04:51,532 INFO [restartedMain] o.a.c.c.C.[.[.[/community] [DirectJDKLog.java:173] Initializing Spring embedded WebApplicationContext
2022-10-10 20:04:51,533 INFO [restartedMain] o.s.w.c.ContextLoader [ServletWebServerApplicationContext.java:296] Root WebApplicationContext: initialization completed in 1078 ms
2022-10-10 20:04:51,877 INFO [restartedMain] o.s.s.c.ThreadPoolTaskExecutor [ExecutorConfigurationSupport.java:171] Initializing ExecutorService 'applicationTaskExecutor'
2022-10-10 20:04:51,954 INFO [restartedMain] o.s.b.a.w.s.WelcomePageHandlerMapping [WelcomePageHandlerMapping.java:61] Adding welcome page template: index
2022-10-10 20:04:52,064 INFO [restartedMain] o.s.b.d.a.OptionalLiveReloadServer [OptionalLiveReloadServer.java:57] LiveReload server is running on port 35729
2022-10-10 20:04:52,082 INFO [restartedMain] o.a.c.h.Http11NioProtocol [DirectJDKLog.java:173] Starting ProtocolHandler ["http-nio-8080"]
2022-10-10 20:04:52,098 INFO [restartedMain] o.s.b.w.e.t.TomcatWebServer [TomcatWebServer.java:204] Tomcat started on port(s): 8080 (http) with context path '/community'
2022-10-10 20:04:52,100 INFO [restartedMain] c.n.c.CommunityApplication [StartupInfoLogger.java:59] Started CommunityApplication in 1.963 seconds (JVM running for 2.644)
2022-10-10 20:05:11,150 INFO [http-nio-8080-exec-1] o.a.c.c.C.[.[.[/community] [DirectJDKLog.java:173] Initializing Spring DispatcherServlet 'dispatcherServlet'
2022-10-10 20:05:11,150 INFO [http-nio-8080-exec-1] o.s.w.s.DispatcherServlet [FrameworkServlet.java:524] Initializing Servlet 'dispatcherServlet'
2022-10-10 20:05:11,155 INFO [http-nio-8080-exec-1] o.s.w.s.DispatcherServlet [FrameworkServlet.java:546] Completed initialization in 5 ms
2022-10-10 20:05:11,205 INFO [http-nio-8080-exec-1] c.z.h.HikariDataSource [HikariDataSource.java:110] HikariPool-1 - Starting...
2022-10-10 20:05:11,312 INFO [http-nio-8080-exec-1] c.z.h.HikariDataSource [HikariDataSource.java:123] HikariPool-1 - Start completed.
2022-10-10 20:09:08,482 INFO [Thread-12] o.s.s.c.ThreadPoolTaskExecutor [ExecutorConfigurationSupport.java:208] Shutting down ExecutorService 'applicationTaskExecutor'
2022-10-10 20:09:08,482 INFO [Thread-12] c.z.h.HikariDataSource [HikariDataSource.java:350] HikariPool-1 - Shutdown initiated...
2022-10-10 20:09:08,488 INFO [Thread-12] c.z.h.HikariDataSource [HikariDataSource.java:352] HikariPool-1 - Shutdown completed.
